  Vehicle.cpp
C:\Users\Isaac\source\repos\IsaacDexter\ai-coding-assignment-2023-IsaacDexter\ForceMotion.h(32,22): warning C4244: '=': conversion from 'double' to 'float', possible loss of data
C:\Users\Isaac\source\repos\IsaacDexter\ai-coding-assignment-2023-IsaacDexter\ForceMotion.h(51,25): warning C4244: 'initializing': conversion from 'double' to 'float', possible loss of data
C:\Users\Isaac\source\repos\IsaacDexter\ai-coding-assignment-2023-IsaacDexter\Tasking.h(77,8): warning C4458: declaration of 'check' hides class member
C:\Users\Isaac\source\repos\IsaacDexter\ai-coding-assignment-2023-IsaacDexter\Tasking.h(21,12): message : see declaration of 'Task::check'
C:\Users\Isaac\source\repos\IsaacDexter\ai-coding-assignment-2023-IsaacDexter\Tasking.h(89,29): warning C4100: 'dt': unreferenced formal parameter
C:\Users\Isaac\source\repos\IsaacDexter\ai-coding-assignment-2023-IsaacDexter\PassengerPickup.h(4,16): warning C4099: 'Passenger': type name first seen using 'struct' now seen using 'class'
C:\Users\Isaac\source\repos\IsaacDexter\ai-coding-assignment-2023-IsaacDexter\Vehicle.h(18,8): message : see declaration of 'Passenger'
C:\Users\Isaac\source\repos\IsaacDexter\ai-coding-assignment-2023-IsaacDexter\Passenger.h(6,1): warning C4099: 'Passenger': type name first seen using 'struct' now seen using 'class'
C:\Users\Isaac\source\repos\IsaacDexter\ai-coding-assignment-2023-IsaacDexter\Passenger.h(5,7): message : see declaration of 'Passenger'
C:\Users\Isaac\source\repos\IsaacDexter\ai-coding-assignment-2023-IsaacDexter\Vehicle.cpp(31,2): warning C5205: delete of an abstract class 'SM' that has a non-virtual destructor results in undefined behavior
C:\Users\Isaac\source\repos\IsaacDexter\ai-coding-assignment-2023-IsaacDexter\SM.h(6,7): message : see declaration of 'SM'
C:\Users\Isaac\source\repos\IsaacDexter\ai-coding-assignment-2023-IsaacDexter\Vehicle.cpp(312,43): warning C4100: 'interval': unreferenced formal parameter
C:\Users\Isaac\source\repos\IsaacDexter\ai-coding-assignment-2023-IsaacDexter\Vehicle.cpp(326,24): warning C4244: 'initializing': conversion from 'double' to 'float', possible loss of data
C:\Users\Isaac\source\repos\IsaacDexter\ai-coding-assignment-2023-IsaacDexter\Vehicle.cpp(342,19): warning C4244: 'initializing': conversion from 'double' to 'float', possible loss of data
C:\Users\Isaac\source\repos\IsaacDexter\ai-coding-assignment-2023-IsaacDexter\Vehicle.cpp(366,24): warning C4244: 'initializing': conversion from 'double' to 'float', possible loss of data
C:\Users\Isaac\source\repos\IsaacDexter\ai-coding-assignment-2023-IsaacDexter\Vehicle.cpp(411,52): warning C4100: 'dt': unreferenced formal parameter
C:\Users\Isaac\source\repos\IsaacDexter\ai-coding-assignment-2023-IsaacDexter\Vehicle.cpp(423,52): warning C4100: 'dt': unreferenced formal parameter
C:\Users\Isaac\source\repos\IsaacDexter\ai-coding-assignment-2023-IsaacDexter\Vehicle.cpp(433,53): warning C4100: 'dt': unreferenced formal parameter
C:\Users\Isaac\source\repos\IsaacDexter\ai-coding-assignment-2023-IsaacDexter\Vehicle.cpp(443,52): warning C4100: 'dt': unreferenced formal parameter
C:\Users\Isaac\source\repos\IsaacDexter\ai-coding-assignment-2023-IsaacDexter\Vehicle.cpp(453,53): warning C4100: 'dt': unreferenced formal parameter
C:\Users\Isaac\source\repos\IsaacDexter\ai-coding-assignment-2023-IsaacDexter\Vehicle.cpp(463,52): warning C4100: 'dt': unreferenced formal parameter
C:\Users\Isaac\source\repos\IsaacDexter\ai-coding-assignment-2023-IsaacDexter\Vehicle.cpp(473,53): warning C4100: 'dt': unreferenced formal parameter
C:\Users\Isaac\source\repos\IsaacDexter\ai-coding-assignment-2023-IsaacDexter\Vehicle.cpp(483,52): warning C4100: 'dt': unreferenced formal parameter
C:\Users\Isaac\source\repos\IsaacDexter\ai-coding-assignment-2023-IsaacDexter\Vehicle.cpp(493,53): warning C4100: 'dt': unreferenced formal parameter
C:\Users\Isaac\source\repos\IsaacDexter\ai-coding-assignment-2023-IsaacDexter\Vehicle.cpp(503,53): warning C4100: 'dt': unreferenced formal parameter
C:\Users\Isaac\source\repos\IsaacDexter\ai-coding-assignment-2023-IsaacDexter\Vehicle.cpp(513,52): warning C4100: 'dt': unreferenced formal parameter
C:\Users\Isaac\source\repos\IsaacDexter\ai-coding-assignment-2023-IsaacDexter\Vehicle.cpp(523,39): warning C4100: 'dt': unreferenced formal parameter
C:\Users\Isaac\source\repos\IsaacDexter\ai-coding-assignment-2023-IsaacDexter\Vehicle.cpp(533,53): warning C4100: 'dt': unreferenced formal parameter
  AIFramework.vcxproj -> C:\Users\Isaac\source\repos\IsaacDexter\ai-coding-assignment-2023-IsaacDexter\x64\Debug\AIFramework.exe
